\BOOKMARK [0][-]{chapter.1}{Wstep}{}% 1
\BOOKMARK [0][-]{chapter.2}{Podstawy teoretyczne}{}% 2
\BOOKMARK [1][-]{section.2.1}{Sterowanie impedancyjne}{chapter.2}% 3
\BOOKMARK [2][-]{subsection.2.1.1}{Przypadek prosty}{section.2.1}% 4
\BOOKMARK [2][-]{subsection.2.1.2}{Prawo sterowania}{section.2.1}% 5
\BOOKMARK [2][-]{subsection.2.1.3}{Sterowanie w przestrzeni konfiguracyjnej}{section.2.1}% 6
\BOOKMARK [1][-]{section.2.2}{Sterowanie PID}{chapter.2}% 7
\BOOKMARK [2][-]{subsection.2.2.1}{Przypadek prosty}{section.2.2}% 8
\BOOKMARK [2][-]{subsection.2.2.2}{Przypadek wielowymiarowy}{section.2.2}% 9
\BOOKMARK [1][-]{section.2.3}{Estymacja si\233y uog\363lnionej w konc\363wce}{chapter.2}% 10
\BOOKMARK [1][-]{section.2.4}{Jakosc sterowania}{chapter.2}% 11
\BOOKMARK [1][-]{section.2.5}{Teoria agenta upostaciowionego}{chapter.2}% 12
\BOOKMARK [0][-]{chapter.3}{Srodowisko badawcze}{}% 13
\BOOKMARK [1][-]{section.3.1}{Budowa og\363lna}{chapter.3}% 14
\BOOKMARK [1][-]{section.3.2}{Pakiety oprogramowania}{chapter.3}% 15
\BOOKMARK [2][-]{subsection.3.2.1}{ROS}{section.3.2}% 16
\BOOKMARK [2][-]{subsection.3.2.2}{Orocos}{section.3.2}% 17
\BOOKMARK [2][-]{subsection.3.2.3}{FABRIC}{section.3.2}% 18
\BOOKMARK [1][-]{section.3.3}{Agenty}{chapter.3}% 19
\BOOKMARK [1][-]{section.3.4}{Symulator robota}{chapter.3}% 20
\BOOKMARK [0][-]{chapter.4}{Specyfikacja systemu kompensacji grawitacji}{}% 21
\BOOKMARK [1][-]{section.4.1}{Analiza wymagan}{chapter.4}% 22
\BOOKMARK [2][-]{subsection.4.1.1}{Przypadki uzycia}{section.4.1}% 23
\BOOKMARK [2][-]{subsection.4.1.2}{Wymagania}{section.4.1}% 24
\BOOKMARK [2][-]{subsection.4.1.3}{Zarys rozwiazania}{section.4.1}% 25
\BOOKMARK [1][-]{section.4.2}{Rozwiazania}{chapter.4}% 26
\BOOKMARK [2][-]{subsection.4.2.1}{Rozwiazanie oparte na regulatorze PID}{section.4.2}% 27
\BOOKMARK [1][-]{section.4.3}{Rozwiazanie oparte na estymacji modelu robota}{chapter.4}% 28
\BOOKMARK [2][-]{subsection.4.3.1}{Wyb\363r rozwiazania}{section.4.3}% 29
\BOOKMARK [0][-]{chapter.5}{Implementacja systemu }{}% 30
\BOOKMARK [1][-]{section.5.1}{Prawo sterowania}{chapter.5}% 31
\BOOKMARK [1][-]{section.5.2}{Parametry cz\233onu ca\233kujacego}{chapter.5}% 32
\BOOKMARK [1][-]{section.5.3}{Rejestracja trajektorii}{chapter.5}% 33
\BOOKMARK [1][-]{section.5.4}{Generowanie wykres\363w}{chapter.5}% 34
\BOOKMARK [1][-]{section.5.5}{Opis swiata testowego}{chapter.5}% 35
\BOOKMARK [1][-]{section.5.6}{Algorytm eksperymentu}{chapter.5}% 36
\BOOKMARK [0][-]{chapter.6}{Eksperymenty}{}% 37
\BOOKMARK [1][-]{section.6.1}{Dob\363r parametr\363w regulatora}{chapter.6}% 38
\BOOKMARK [1][-]{section.6.2}{Podnoszenie przedmiotu}{chapter.6}% 39
\BOOKMARK [1][-]{section.6.3}{Ruch \363semkowy}{chapter.6}% 40
\BOOKMARK [1][-]{section.6.4}{Ruch w bok}{chapter.6}% 41
\BOOKMARK [1][-]{section.6.5}{Ruch do g\363ry}{chapter.6}% 42
\BOOKMARK [1][-]{section.6.6}{Ruch do do\233u}{chapter.6}% 43
\BOOKMARK [1][-]{section.6.7}{Ruch do przodu}{chapter.6}% 44
\BOOKMARK [1][-]{section.6.8}{Obr\363t konc\363wki}{chapter.6}% 45
\BOOKMARK [1][-]{section.6.9}{Wnioski}{chapter.6}% 46
\BOOKMARK [0][-]{chapter.7}{Podsumowanie}{}% 47
